<?xml version="1.0" encoding="utf-8"?><testsuites><testsuite name="pytest" errors="0" failures="0" skipped="0" tests="6" time="0.054" timestamp="2023-02-19T03:36:02.456594" hostname="yans-air.lan"><testcase classname="tests.test_bytebank.TestClass" name="test_quando_metodo_idade_recebe_13_03_2000_deve_retornar_23" time="0.001" /><testcase classname="tests.test_bytebank.TestClass" name="test_quando_metodo_sobrenome_recebe_michael_jackson_deve_retornar_jackson_com_j_maiusculo" time="0.001" /><testcase classname="tests.test_bytebank.TestClass" name="test_quando_metodo_sobrenome_nao_recebe_sobrenome_deve_retornar_exception" time="0.001" /><testcase classname="tests.test_bytebank.TestClass" name="test_quando_decrescimo_salario_recebe_100000_deve_retornar_90000" time="0.000" /><testcase classname="tests.test_bytebank.TestClass" name="test_quando_calcular_bonus_recebe_1000_deve_retornar_100" time="0.000" /><testcase classname="tests.test_bytebank.TestClass" name="test_quando_calcular_bonus_recebe_100000000_deve_retornar_exception" time="0.000" /></testsuite></testsuites>